started with pid 5942
DEBUG:fafus-MacBook-Pro.local-polyonline-poly-1:get connection from pool
DEBUG:fafus-MacBook-Pro.local-polyonline-poly-1:cache connection
DEBUG:fafus-MacBook-Pro.local-polyonline-poly-1:get connection from pool
DEBUG:fafus-MacBook-Pro.local-polyonline-poly-1:
DEBUG:fafus-MacBook-Pro.local-polyonline-poly-1:cache connection
DEBUG:fafus-MacBook-Pro.local-polyonline-poly-1:get connection from pool
DEBUG:fafus-MacBook-Pro.local-polyonline-poly-1:cache connection
DEBUG:fafus-MacBook-Pro.local-polyonline-poly-1:get connection from pool
DEBUG:fafus-MacBook-Pro.local-polyonline-poly-1:cache connection
DEBUG:fafus-MacBook-Pro.local-polyonline-poly-1:get connection from pool
DEBUG:fafus-MacBook-Pro.local-polyonline-poly-1:
DEBUG:fafus-MacBook-Pro.local-polyonline-poly-1:cache connection
DEBUG:fafus-MacBook-Pro.local-polyonline-poly-1:get connection from pool
DEBUG:fafus-MacBook-Pro.local-polyonline-poly-1:
DEBUG:fafus-MacBook-Pro.local-polyonline-poly-1:cache connection
DEBUG:fafus-MacBook-Pro.local-polyonline-poly-1:get connection from pool
DEBUG:fafus-MacBook-Pro.local-polyonline-poly-1:
DEBUG:fafus-MacBook-Pro.local-polyonline-poly-1:cache connection
DEBUG:fafus-MacBook-Pro.local-polyonline-poly-1:get connection from pool
DEBUG:fafus-MacBook-Pro.local-polyonline-poly-1:
DEBUG:fafus-MacBook-Pro.local-polyonline-poly-1:cache connection
DEBUG:fafus-MacBook-Pro.local-polyonline-poly-1:get connection from pool
DEBUG:fafus-MacBook-Pro.local-polyonline-poly-1:
DEBUG:fafus-MacBook-Pro.local-polyonline-poly-1:cache connection
DEBUG:fafus-MacBook-Pro.local-polyonline-poly-1:get connection from pool
DEBUG:fafus-MacBook-Pro.local-polyonline-poly-1:get connection from pool
DEBUG:fafus-MacBook-Pro.local-polyonline-poly-1:make connection
DEBUG:fafus-MacBook-Pro.local-polyonline-poly-1:cache connection
DEBUG:fafus-MacBook-Pro.local-polyonline-poly-1:cache connection
DEBUG:fafus-MacBook-Pro.local-polyonline-poly-1:get connection from pool
DEBUG:fafus-MacBook-Pro.local-polyonline-poly-1:cache connection
DEBUG:fafus-MacBook-Pro.local-polyonline-poly-1:get connection from pool
DEBUG:fafus-MacBook-Pro.local-polyonline-poly-1:cache connection
DEBUG:fafus-MacBook-Pro.local-polyonline-poly-1:get connection from pool
DEBUG:fafus-MacBook-Pro.local-polyonline-poly-1:cache connection
DEBUG:fafus-MacBook-Pro.local-polyonline-poly-1:get connection from pool
DEBUG:fafus-MacBook-Pro.local-polyonline-poly-1:cache connection
DEBUG:fafus-MacBook-Pro.local-polyonline-poly-1:get connection from pool
DEBUG:fafus-MacBook-Pro.local-polyonline-poly-1:cache connection
DEBUG:fafus-MacBook-Pro.local-polyonline-poly-1:get connection from pool
DEBUG:fafus-MacBook-Pro.local-polyonline-poly-1:cache connection
DEBUG:fafus-MacBook-Pro.local-polyonline-poly-1:get connection from pool
DEBUG:fafus-MacBook-Pro.local-polyonline-poly-1:cache connection
DEBUG:fafus-MacBook-Pro.local-polyonline-poly-1:get connection from pool
DEBUG:fafus-MacBook-Pro.local-polyonline-poly-1:cache connection
DEBUG:fafus-MacBook-Pro.local-polyonline-poly-1:get connection from pool
DEBUG:fafus-MacBook-Pro.local-polyonline-poly-1:cache connection
DEBUG:fafus-MacBook-Pro.local-polyonline-poly-1:get connection from pool
DEBUG:fafus-MacBook-Pro.local-polyonline-poly-1:cache connection
DEBUG:fafus-MacBook-Pro.local-polyonline-poly-1:get connection from pool
DEBUG:fafus-MacBook-Pro.local-polyonline-poly-1:cache connection
DEBUG:fafus-MacBook-Pro.local-polyonline-poly-1:get connection from pool
DEBUG:fafus-MacBook-Pro.local-polyonline-poly-1:cache connection
DEBUG:fafus-MacBook-Pro.local-polyonline-poly-1:get connection from pool
DEBUG:fafus-MacBook-Pro.local-polyonline-poly-1:cache connection
DEBUG:fafus-MacBook-Pro.local-polyonline-poly-1:get connection from pool
DEBUG:fafus-MacBook-Pro.local-polyonline-poly-1:cache connection
DEBUG:fafus-MacBook-Pro.local-polyonline-poly-1:get connection from pool
DEBUG:fafus-MacBook-Pro.local-polyonline-poly-1:cache connection
DEBUG:fafus-MacBook-Pro.local-polyonline-poly-1:get connection from pool
DEBUG:fafus-MacBook-Pro.local-polyonline-poly-1:cache connection
DEBUG:fafus-MacBook-Pro.local-polyonline-poly-1:get connection from pool
DEBUG:fafus-MacBook-Pro.local-polyonline-poly-1:cache connection
DEBUG:fafus-MacBook-Pro.local-polyonline-poly-1:get connection from pool
DEBUG:fafus-MacBook-Pro.local-polyonline-poly-1:cache connection
DEBUG:fafus-MacBook-Pro.local-polyonline-poly-1:get connection from pool
DEBUG:fafus-MacBook-Pro.local-polyonline-poly-1:cache connection
DEBUG:fafus-MacBook-Pro.local-polyonline-poly-1:get connection from pool
DEBUG:fafus-MacBook-Pro.local-polyonline-poly-1:cache connection
DEBUG:fafus-MacBook-Pro.local-polyonline-poly-1:get connection from pool
DEBUG:fafus-MacBook-Pro.local-polyonline-poly-1:cache connection
DEBUG:fafus-MacBook-Pro.local-polyonline-poly-1:get connection from pool
DEBUG:fafus-MacBook-Pro.local-polyonline-poly-1:cache connection
DEBUG:fafus-MacBook-Pro.local-polyonline-poly-1:get connection from pool
DEBUG:fafus-MacBook-Pro.local-polyonline-poly-1:cache connection
DEBUG:fafus-MacBook-Pro.local-polyonline-poly-1:get connection from pool
DEBUG:fafus-MacBook-Pro.local-polyonline-poly-1:cache connection
DEBUG:fafus-MacBook-Pro.local-polyonline-poly-1:get connection from pool
DEBUG:fafus-MacBook-Pro.local-polyonline-poly-1:cache connection
DEBUG:fafus-MacBook-Pro.local-polyonline-poly-1:get connection from pool
DEBUG:fafus-MacBook-Pro.local-polyonline-poly-1:cache connection
DEBUG:fafus-MacBook-Pro.local-polyonline-poly-1:get connection from pool
DEBUG:fafus-MacBook-Pro.local-polyonline-poly-1:cache connection
DEBUG:fafus-MacBook-Pro.local-polyonline-poly-1:get connection from pool
DEBUG:fafus-MacBook-Pro.local-polyonline-poly-1:cache connection
DEBUG:fafus-MacBook-Pro.local-polyonline-poly-1:get connection from pool
DEBUG:fafus-MacBook-Pro.local-polyonline-poly-1:cache connection
DEBUG:fafus-MacBook-Pro.local-polyonline-poly-1:get connection from pool
DEBUG:fafus-MacBook-Pro.local-polyonline-poly-1:cache connection
DEBUG:fafus-MacBook-Pro.local-polyonline-poly-1:get connection from pool
DEBUG:fafus-MacBook-Pro.local-polyonline-poly-1:cache connection
DEBUG:fafus-MacBook-Pro.local-polyonline-poly-1:get connection from pool
DEBUG:fafus-MacBook-Pro.local-polyonline-poly-1:cache connection
DEBUG:fafus-MacBook-Pro.local-polyonline-poly-1:get connection from pool
DEBUG:fafus-MacBook-Pro.local-polyonline-poly-1:cache connection
